<component name="libraryTable">
  <library name="junit-4.13.2-sources">
    <CLASSES />
    <JAVADOC />
    <SOURCES>
      <root url="jar://$USER_HOME$/.gradle/caches/modules-2/files-2.1/junit/junit/4.13.2/33987872a811fe4d4001ed494b07854822257f42/junit-4.13.2-sources.jar!/" />
    </SOURCES>
  </library>
</component>